<?xml version="1.0" encoding="UTF-8"?>
<testsuite name="com.pragma.runners.RunnerTest" tests="0" skipped="0" failures="0" errors="0" timestamp="1970-01-01T00:00:00" hostname="DESKTOP-BTHGFUF" time="0.0">
  <properties/>
  <system-out><![CDATA[
?[33mUndefined scenarios:?[0m
?[33mfile:///C:/Users/jeiso/OneDrive/Escritorio/PruebaPragma/AutomatizacionPragma/src/test/resources/features/agregarproductos.feature:44?[0m# Agregar portatil hp con fecha de entrega
?[33mfile:///C:/Users/jeiso/OneDrive/Escritorio/PruebaPragma/AutomatizacionPragma/src/test/resources/features/agregarproductos.feature:52?[0m# Agregar producto 8

6 Scenarios (?[33m2 undefined?[0m, ?[32m4 passed?[0m)
24 Steps (?[33m6 undefined?[0m, ?[32m18 passed?[0m)
2m40,932s


You can implement missing steps with the snippets below:

@Given("el usuario esta en la home yourstore,  busca el producto con el navegador {string}")
public void elUsuarioEstaEnLaHomeYourstoreBuscaElProductoConElNavegador(String string) {
    // Write code here that turns the phrase above into concrete actions
    throw new io.cucumber.java.PendingException();
}

@When("el usuario agrega un portatil hp carrito de compras con una fecha de entrega")
public void elUsuarioAgregaUnPortatilHpCarritoDeComprasConUnaFechaDeEntrega() {
    // Write code here that turns the phrase above into concrete actions
    throw new io.cucumber.java.PendingException();
}

@Then("el usuario debe ver el valor del portatil {string}")
public void elUsuarioDebeVerElValorDelPortatil(String string) {
    // Write code here that turns the phrase above into concrete actions
    throw new io.cucumber.java.PendingException();
}

@Given("el usuario esta en la home yourstore,  busca el producto8 con el navegador {string}")
public void elUsuarioEstaEnLaHomeYourstoreBuscaElProducto8ConElNavegador(String string) {
    // Write code here that turns the phrase above into concrete actions
    throw new io.cucumber.java.PendingException();
}

@When("el usuario agrega el producto8 con un tamanio medio al carrito de compras")
public void elUsuarioAgregaElProducto8ConUnTamanioMedioAlCarritoDeCompras() {
    // Write code here that turns the phrase above into concrete actions
    throw new io.cucumber.java.PendingException();
}


]]></system-out>
  <system-err><![CDATA[SLF4J: No SLF4J providers were found.
SLF4J: Defaulting to no-operation (NOP) logger implementation
SLF4J: See https://www.slf4j.org/codes.html#noProviders for further details.
SLF4J: Class path contains SLF4J bindings targeting slf4j-api versions 1.7.x or earlier.
SLF4J: Ignoring binding found at [jar:file:/C:/Users/jeiso/.gradle/caches/modules-2/files-2.1/org.slf4j/slf4j-nop/1.7.28/e427e2f69d0a8508994e0a754a44d5212fa38b56/slf4j-nop-1.7.28.jar!/org/slf4j/impl/StaticLoggerBinder.class]
SLF4J: See https://www.slf4j.org/codes.html#ignoredBindings for an explanation.
]]></system-err>
</testsuite>
