<?xml version="1.0" encoding="UTF-8"?>
<testsuite name="com.pragma.runners.RunnerTest" tests="0" skipped="0" failures="0" errors="0" timestamp="1970-01-01T00:00:00" hostname="DESKTOP-BTHGFUF" time="0.0">
  <properties/>
  <system-out><![CDATA[
?[31mFailed scenarios:?[0m
?[31mfile:///C:/Users/jeiso/OneDrive/Escritorio/PruebaPragma/AutomatizacionPragma/src/test/resources/features/agregarproductos.feature:25?[0m# Agregar varios producto al carrito
?[31mfile:///C:/Users/jeiso/OneDrive/Escritorio/PruebaPragma/AutomatizacionPragma/src/test/resources/features/agregarproductos.feature:46?[0m# Agregar producto 8

6 Scenarios (?[31m2 failed?[0m, ?[32m4 passed?[0m)
18 Steps (?[31m2 failed?[0m, ?[32m16 passed?[0m)
5m49,744s


java.lang.AssertionError: 
Expected: "$943.98"
     but: was ""
	at net.serenitybdd.screenplay.ErrorTally.throwSummaryExceptionFrom(ErrorTally.java:36)
	at net.serenitybdd.screenplay.ErrorTally.reportAnyErrors(ErrorTally.java:30)
	at net.serenitybdd.screenplay.Actor.should(Actor.java:316)
	at com.pragma.stepdefinitions.AgregarProductosStepDefinitions.elUsuarioDebeVerElValorDeTodosLosProducto(AgregarProductosStepDefinitions.java:177)
	at ?.el usuario debe ver el valor de todos los producto "$943.98"(file:///C:/Users/jeiso/OneDrive/Escritorio/PruebaPragma/AutomatizacionPragma/src/test/resources/features/agregarproductos.feature:28)

java.lang.AssertionError: 
Expected: "$1,114.00"
     but: was "$134.00"
	at net.serenitybdd.screenplay.ErrorTally.throwSummaryExceptionFrom(ErrorTally.java:36)
	at net.serenitybdd.screenplay.ErrorTally.reportAnyErrors(ErrorTally.java:30)
	at net.serenitybdd.screenplay.Actor.should(Actor.java:316)
	at com.pragma.stepdefinitions.AgregarProductosStepDefinitions.elUsuarioDebeVerElValorDelProducto8(AgregarProductosStepDefinitions.java:321)
	at ?.el usuario debe ver el valor del producto8 "$1,114.00"(file:///C:/Users/jeiso/OneDrive/Escritorio/PruebaPragma/AutomatizacionPragma/src/test/resources/features/agregarproductos.feature:49)


]]></system-out>
  <system-err><![CDATA[SLF4J: No SLF4J providers were found.
SLF4J: Defaulting to no-operation (NOP) logger implementation
SLF4J: See https://www.slf4j.org/codes.html#noProviders for further details.
SLF4J: Class path contains SLF4J bindings targeting slf4j-api versions 1.7.x or earlier.
SLF4J: Ignoring binding found at [jar:file:/C:/Users/jeiso/.gradle/caches/modules-2/files-2.1/org.slf4j/slf4j-nop/1.7.28/e427e2f69d0a8508994e0a754a44d5212fa38b56/slf4j-nop-1.7.28.jar!/org/slf4j/impl/StaticLoggerBinder.class]
SLF4J: See https://www.slf4j.org/codes.html#ignoredBindings for an explanation.
]]></system-err>
</testsuite>
